[{"line":1,"elements":[{"start_timestamp":"2022-04-02T13:31:39.179Z","before":[{"result":{"duration":94998000,"status":"passed"},"match":{"location":"com.fluent.qa.core.BaseStep.before(io.cucumber.java.Scenario)"}},{"result":{"error_message":"org.openqa.selenium.WebDriverException: Browser failed to start, test [ scenario1 ] execution interrupted.\nCaused by: [ Unable to establish websocket connection to http://172.18.0.3:4444/session/b5234f0446d5ecfd859ea7d432586d5d/se/cdp\nBuild info: version: '4.1.1', revision: 'e8fcc2cecf'\nSystem info: host: 'DESKTOP-CHFPB7C', ip: '192.168.100.20', os.name: 'Windows 10', os.arch: 'amd64', os.version: '10.0', java.version: '11.0.13'\nDriver info: driver.version: unknown]\nBuild info: version: '4.1.1', revision: 'e8fcc2cecf'\nSystem info: host: 'DESKTOP-CHFPB7C', ip: '192.168.100.20', os.name: 'Windows 10', os.arch: 'amd64', os.version: '10.0', java.version: '11.0.13'\nDriver info: driver.version: unknown\r\n\tat org.fluentlenium.adapter.TestRunnerCommon.getTestDriver(TestRunnerCommon.java:52)\r\n\tat org.fluentlenium.adapter.FluentTestRunnerAdapter.starting(FluentTestRunnerAdapter.java:144)\r\n\tat org.fluentlenium.adapter.FluentTestRunnerAdapter.starting(FluentTestRunnerAdapter.java:122)\r\n\tat org.fluentlenium.adapter.cucumber.FluentCucumberTest.before(FluentCucumberTest.java:90)\r\n\tat com.fluent.qa.core.BasicStep.beforeScenario(BasicStep.java:37)\r\nCaused by: java.util.concurrent.ExecutionException: org.openqa.selenium.remote.http.ConnectionFailedException: Unable to establish websocket connection to http://172.18.0.3:4444/session/b5234f0446d5ecfd859ea7d432586d5d/se/cdp\nBuild info: version: '4.1.1', revision: 'e8fcc2cecf'\nSystem info: host: 'DESKTOP-CHFPB7C', ip: '192.168.100.20', os.name: 'Windows 10', os.arch: 'amd64', os.version: '10.0', java.version: '11.0.13'\nDriver info: driver.version: unknown\r\n\tat java.base/java.util.concurrent.FutureTask.report(FutureTask.java:122)\r\n\tat java.base/java.util.concurrent.FutureTask.get(FutureTask.java:191)\r\n\tat org.fluentlenium.adapter.sharedwebdriver.SharedWebdriverSingletonImpl.getSharedWebDriver(SharedWebdriverSingletonImpl.java:206)\r\n\tat org.fluentlenium.adapter.sharedwebdriver.SharedWebDriverContainer.getSharedWebDriver(SharedWebDriverContainer.java:66)\r\n\tat org.fluentlenium.adapter.TestRunnerCommon.getTestDriver(TestRunnerCommon.java:46)\r\n\tat org.fluentlenium.adapter.FluentTestRunnerAdapter.starting(FluentTestRunnerAdapter.java:144)\r\n\tat org.fluentlenium.adapter.FluentTestRunnerAdapter.starting(FluentTestRunnerAdapter.java:122)\r\n\tat org.fluentlenium.adapter.cucumber.FluentCucumberTest.before(FluentCucumberTest.java:90)\r\n\tat com.fluent.qa.core.BasicStep.beforeScenario(BasicStep.java:37)\r\n\tat java.base/jdk.internal.reflect.NativeMethodAccessorImpl.invoke0(Native Method)\r\n\tat java.base/jdk.internal.reflect.NativeMethodAccessorImpl.invoke(NativeMethodAccessorImpl.java:62)\r\n\tat java.base/jdk.internal.reflect.DelegatingMethodAccessorImpl.invoke(DelegatingMethodAccessorImpl.java:43)\r\n\tat java.base/java.lang.reflect.Method.invoke(Method.java:566)\r\n\tat io.cucumber.java.Invoker.doInvoke(Invoker.java:66)\r\n\tat io.cucumber.java.Invoker.invoke(Invoker.java:24)\r\n\tat io.cucumber.java.AbstractGlueDefinition.invokeMethod(AbstractGlueDefinition.java:47)\r\n\tat io.cucumber.java.JavaHookDefinition.execute(JavaHookDefinition.java:64)\r\n\tat io.cucumber.core.runner.CoreHookDefinition.execute(CoreHookDefinition.java:46)\r\n\tat io.cucumber.core.runner.HookDefinitionMatch.runStep(HookDefinitionMatch.java:21)\r\n\tat io.cucumber.core.runner.ExecutionMode$1.execute(ExecutionMode.java:10)\r\n\tat io.cucumber.core.runner.TestStep.executeStep(TestStep.java:86)\r\n\tat io.cucumber.core.runner.TestStep.run(TestStep.java:57)\r\n\tat io.cucumber.core.runner.TestCase.run(TestCase.java:89)\r\n\tat io.cucumber.core.runner.Runner.runPickle(Runner.java:75)\r\n\tat io.cucumber.junit.PickleRunners$NoStepDescriptions.lambda$run$0(PickleRunners.java:151)\r\n\tat io.cucumber.core.runtime.CucumberExecutionContext.lambda$runTestCase$3(CucumberExecutionContext.java:151)\r\n\tat io.cucumber.core.runtime.RethrowingThrowableCollector.executeAndThrow(RethrowingThrowableCollector.java:23)\r\n\tat io.cucumber.core.runtime.CucumberExecutionContext.runTestCase(CucumberExecutionContext.java:151)\r\n\tat io.cucumber.junit.PickleRunners$NoStepDescriptions.run(PickleRunners.java:148)\r\n\tat io.cucumber.junit.FeatureRunner.runChild(FeatureRunner.java:144)\r\n\tat io.cucumber.junit.FeatureRunner.runChild(FeatureRunner.java:28)\r\n\tat org.junit.runners.ParentRunner$4.run(ParentRunner.java:331)\r\n\tat org.junit.runners.ParentRunner$1.schedule(ParentRunner.java:79)\r\n\tat org.junit.runners.ParentRunner.runChildren(ParentRunner.java:329)\r\n\tat org.junit.runners.ParentRunner.access$100(ParentRunner.java:66)\r\n\tat org.junit.runners.ParentRunner$2.evaluate(ParentRunner.java:293)\r\n\tat org.junit.runners.ParentRunner$3.evaluate(ParentRunner.java:306)\r\n\tat org.junit.runners.ParentRunner.run(ParentRunner.java:413)\r\n\tat io.cucumber.junit.FeatureRunner.run(FeatureRunner.java:137)\r\n\tat io.cucumber.junit.Cucumber.runChild(Cucumber.java:196)\r\n\tat io.cucumber.junit.Cucumber.runChild(Cucumber.java:89)\r\n\tat org.junit.runners.ParentRunner$4.run(ParentRunner.java:331)\r\n\tat org.junit.runners.ParentRunner$1.schedule(ParentRunner.java:79)\r\n\tat org.junit.runners.ParentRunner.runChildren(ParentRunner.java:329)\r\n\tat org.junit.runners.ParentRunner.access$100(ParentRunner.java:66)\r\n\tat org.junit.runners.ParentRunner$2.evaluate(ParentRunner.java:293)\r\n\tat io.cucumber.junit.Cucumber$RunBeforeAllHooks.evaluate(Cucumber.java:266)\r\n\tat io.cucumber.junit.Cucumber$RunAfterAllHooks.evaluate(Cucumber.java:281)\r\n\tat io.cucumber.junit.Cucumber$StartTestRun.evaluate(Cucumber.java:233)\r\n\tat io.cucumber.junit.Cucumber$FinishTestRun.evaluate(Cucumber.java:248)\r\n\tat org.junit.internal.runners.statements.RunBefores.evaluate(RunBefores.java:26)\r\n\tat org.junit.runners.ParentRunner$3.evaluate(ParentRunner.java:306)\r\n\tat org.junit.runners.ParentRunner.run(ParentRunner.java:413)\r\n\tat org.junit.runner.JUnitCore.run(JUnitCore.java:137)\r\n\tat com.intellij.junit4.JUnit4IdeaTestRunner.startRunnerWithArgs(JUnit4IdeaTestRunner.java:69)\r\n\tat com.intellij.rt.junit.IdeaTestRunner$Repeater$1.execute(IdeaTestRunner.java:38)\r\n\tat com.intellij.rt.execution.junit.TestsRepeater.repeat(TestsRepeater.java:11)\r\n\tat com.intellij.rt.junit.IdeaTestRunner$Repeater.startRunnerWithArgs(IdeaTestRunner.java:35)\r\n\tat com.intellij.rt.junit.JUnitStarter.prepareStreamsAndStart(JUnitStarter.java:235)\r\n\tat com.intellij.rt.junit.JUnitStarter.main(JUnitStarter.java:54)\r\nCaused by: org.openqa.selenium.remote.http.ConnectionFailedException: Unable to establish websocket connection to http://172.18.0.3:4444/session/b5234f0446d5ecfd859ea7d432586d5d/se/cdp\nBuild info: version: '4.1.1', revision: 'e8fcc2cecf'\nSystem info: host: 'DESKTOP-CHFPB7C', ip: '192.168.100.20', os.name: 'Windows 10', os.arch: 'amd64', os.version: '10.0', java.version: '11.0.13'\nDriver info: driver.version: unknown\r\n\tat org.openqa.selenium.remote.http.netty.NettyWebSocket.<init>(NettyWebSocket.java:104)\r\n\tat org.openqa.selenium.remote.http.netty.NettyWebSocket.lambda$create$3(NettyWebSocket.java:137)\r\n\tat org.openqa.selenium.remote.http.netty.NettyClient.openSocket(NettyClient.java:118)\r\n\tat org.openqa.selenium.devtools.Connection.<init>(Connection.java:77)\r\n\tat org.openqa.selenium.devtools.SeleniumCdpConnection.<init>(SeleniumCdpConnection.java:34)\r\n\tat org.openqa.selenium.devtools.SeleniumCdpConnection.lambda$create$0(SeleniumCdpConnection.java:56)\r\n\tat java.base/java.util.Optional.map(Optional.java:265)\r\n\tat org.openqa.selenium.devtools.SeleniumCdpConnection.create(SeleniumCdpConnection.java:54)\r\n\tat org.openqa.selenium.devtools.SeleniumCdpConnection.create(SeleniumCdpConnection.java:47)\r\n\tat org.openqa.selenium.devtools.DevToolsProvider.getImplementation(DevToolsProvider.java:48)\r\n\tat org.openqa.selenium.devtools.DevToolsProvider.getImplementation(DevToolsProvider.java:29)\r\n\tat org.openqa.selenium.remote.Augmenter.augment(Augmenter.java:186)\r\n\tat com.fluent.qa.core.BaseTest.runRemoteWebDriver(BaseTest.java:58)\r\n\tat com.fluent.qa.core.BaseTest.createWebDriver(BaseTest.java:35)\r\n\tat com.fluent.qa.core.BaseTest.newWebDriver(BaseTest.java:28)\r\n\tat org.fluentlenium.adapter.sharedwebdriver.SharedWebdriverSingletonImpl.createDriver(SharedWebdriverSingletonImpl.java:74)\r\n\tat org.fluentlenium.adapter.sharedwebdriver.SharedWebdriverSingletonImpl.createAndRegisterNewDriver(SharedWebdriverSingletonImpl.java:68)\r\n\tat org.fluentlenium.adapter.sharedwebdriver.SharedWebdriverSingletonImpl.lambda$getOrCreateDriver$0(SharedWebdriverSingletonImpl.java:63)\r\n\tat java.base/java.util.Optional.orElseGet(Optional.java:369)\r\n\tat org.fluentlenium.adapter.sharedwebdriver.SharedWebdriverSingletonImpl.getOrCreateDriver(SharedWebdriverSingletonImpl.java:63)\r\n\tat org.fluentlenium.adapter.sharedwebdriver.SharedWebDriverContainer.getOrCreateDriver(SharedWebDriverContainer.java:42)\r\n\tat org.fluentlenium.adapter.sharedwebdriver.SharedWebdriverSingletonImpl.lambda$createDriver$1(SharedWebdriverSingletonImpl.java:224)\r\n\tat java.base/java.util.concurrent.FutureTask.run(FutureTask.java:264)\r\n\tat java.base/java.util.concurrent.ThreadPoolExecutor.runWorker(ThreadPoolExecutor.java:1128)\r\n\tat java.base/java.util.concurrent.ThreadPoolExecutor$Worker.run(ThreadPoolExecutor.java:628)\r\n\tat java.base/java.lang.Thread.run(Thread.java:834)\r\n","duration":13168085600,"status":"failed"},"match":{"location":"com.fluent.qa.core.BasicStep.beforeScenario(io.cucumber.java.Scenario)"}}],"line":3,"name":"scenario1","description":"","id":"basic;scenario1","after":[{"result":{"duration":3001000,"status":"passed"},"match":{"location":"com.fluent.qa.core.BasicStep.afterScenario(io.cucumber.java.Scenario)"}},{"result":{"duration":1996300,"status":"passed"},"match":{"location":"com.fluent.qa.core.BaseStep.after(io.cucumber.java.Scenario)"}}],"type":"scenario","keyword":"Scenario","steps":[{"result":{"status":"skipped"},"line":4,"name":"Visit duckduckgo","match":{"location":"com.fluent.qa.core.BasicStep.visitFluentleniumCom()"},"keyword":"Given "}]}],"name":"basic","description":"","id":"basic","keyword":"Feature","uri":"classpath:features/basic.feature","tags":[]}]